  wave.cpp
wave.cpp(34): warning C4838: 从“double”转换到“const GLfloat”需要收缩转换
wave.cpp(34): warning C4305: “初始化”: 从“double”到“const GLfloat”截断
wave.cpp(39): warning C4838: 从“double”转换到“const GLfloat”需要收缩转换
wave.cpp(39): warning C4305: “初始化”: 从“double”到“const GLfloat”截断
wave.cpp(44): warning C4838: 从“double”转换到“const GLfloat”需要收缩转换
wave.cpp(44): warning C4305: “初始化”: 从“double”到“const GLfloat”截断
wave.cpp(82): warning C4244: “=”: 从“double”转换到“GLfloat”，可能丢失数据
wave.cpp(89): warning C4244: “=”: 从“double”转换到“GLfloat”，可能丢失数据
wave.cpp(96): warning C4244: “return”: 从“double”转换到“GLfloat”，可能丢失数据
wave.cpp(100): warning C4244: “return”: 从“double”转换到“GLfloat”，可能丢失数据
wave.cpp(386): warning C4244: “=”: 从“double”转换到“GLfloat”，可能丢失数据
wave.cpp(387): warning C4244: “=”: 从“double”转换到“GLfloat”，可能丢失数据
wave.cpp(480): warning C4305: “+=”: 从“double”到“GLfloat”截断
  GLM: perspective function taking degrees as a parameter is deprecated. #define GLM_FORCE_RADIANS before including GLM headers to remove this message.
  GLM: rotate function taking degrees as a parameter is deprecated. #define GLM_FORCE_RADIANS before including GLM headers to remove this message.
LINK : warning LNK4098: 默认库“LIBCMTD”与其他库的使用冲突；请使用 /NODEFAULTLIB:library
  正在生成代码
  1 of 75 functions ( 1.3%) were compiled, the rest were copied from previous compilation.
    0 functions were new in current compilation
    0 functions had inline decision re-evaluated but remain unchanged
  已完成代码的生成
glfw3.lib(context.obj) : warning LNK4099: 未找到 PDB“glfw.pdb”(使用“glfw3.lib(context.obj)”或在“D:\git\wave\Release\glfw.pdb”中寻找)；正在链接对象，如同没有调试信息一样
glfw3.lib(init.obj) : warning LNK4099: 未找到 PDB“glfw.pdb”(使用“glfw3.lib(init.obj)”或在“D:\git\wave\Release\glfw.pdb”中寻找)；正在链接对象，如同没有调试信息一样
glfw3.lib(input.obj) : warning LNK4099: 未找到 PDB“glfw.pdb”(使用“glfw3.lib(input.obj)”或在“D:\git\wave\Release\glfw.pdb”中寻找)；正在链接对象，如同没有调试信息一样
glfw3.lib(monitor.obj) : warning LNK4099: 未找到 PDB“glfw.pdb”(使用“glfw3.lib(monitor.obj)”或在“D:\git\wave\Release\glfw.pdb”中寻找)；正在链接对象，如同没有调试信息一样
glfw3.lib(window.obj) : warning LNK4099: 未找到 PDB“glfw.pdb”(使用“glfw3.lib(window.obj)”或在“D:\git\wave\Release\glfw.pdb”中寻找)；正在链接对象，如同没有调试信息一样
glfw3.lib(win32_init.obj) : warning LNK4099: 未找到 PDB“glfw.pdb”(使用“glfw3.lib(win32_init.obj)”或在“D:\git\wave\Release\glfw.pdb”中寻找)；正在链接对象，如同没有调试信息一样
glfw3.lib(win32_monitor.obj) : warning LNK4099: 未找到 PDB“glfw.pdb”(使用“glfw3.lib(win32_monitor.obj)”或在“D:\git\wave\Release\glfw.pdb”中寻找)；正在链接对象，如同没有调试信息一样
glfw3.lib(win32_time.obj) : warning LNK4099: 未找到 PDB“glfw.pdb”(使用“glfw3.lib(win32_time.obj)”或在“D:\git\wave\Release\glfw.pdb”中寻找)；正在链接对象，如同没有调试信息一样
glfw3.lib(win32_tls.obj) : warning LNK4099: 未找到 PDB“glfw.pdb”(使用“glfw3.lib(win32_tls.obj)”或在“D:\git\wave\Release\glfw.pdb”中寻找)；正在链接对象，如同没有调试信息一样
glfw3.lib(win32_window.obj) : warning LNK4099: 未找到 PDB“glfw.pdb”(使用“glfw3.lib(win32_window.obj)”或在“D:\git\wave\Release\glfw.pdb”中寻找)；正在链接对象，如同没有调试信息一样
glfw3.lib(winmm_joystick.obj) : warning LNK4099: 未找到 PDB“glfw.pdb”(使用“glfw3.lib(winmm_joystick.obj)”或在“D:\git\wave\Release\glfw.pdb”中寻找)；正在链接对象，如同没有调试信息一样
glfw3.lib(wgl_context.obj) : warning LNK4099: 未找到 PDB“glfw.pdb”(使用“glfw3.lib(wgl_context.obj)”或在“D:\git\wave\Release\glfw.pdb”中寻找)；正在链接对象，如同没有调试信息一样
  wave.vcxproj -> D:\git\wave\Release\wave.exe
